build/app/intermediates/manifest_merge_blame_file/debug/manifest-merger-blame-debug-report.txt
1<?xml version="1.0" encoding="utf-8"?>
2<manifest xmlns:android="http://schemas.android.com/apk/res/android"
3    package="com.ctrcar.client_control_car"
4    android:versionCode="22"
5    android:versionName="1.2.1" >
6
7    <uses-sdk
8        android:minSdkVersion="21"
9        android:targetSdkVersion="33" />
10    <!--
11         The INTERNET permission is required for development. Specifically,
12         the Flutter tool needs it to communicate with the running application
13         to allow setting breakpoints, to provide hot reload, etc.
14    -->
15    <uses-permission android:name="android.permission.INTERNET" />
15-->src/main/AndroidManifest.xml:4:5-67
15-->src/main/AndroidManifest.xml:4:22-64
16    <uses-permission android:name="android.permission.ACCESS_FINE_LOCATION" />
16-->src/main/AndroidManifest.xml:5:5-79
16-->src/main/AndroidManifest.xml:5:22-76
17    <uses-permission android:name="android.permission.ACCESS_COARSE_LOCATION" />
17-->src/main/AndroidManifest.xml:6:5-81
17-->src/main/AndroidManifest.xml:6:22-78
18    <uses-permission android:name="android.permission.WAKE_LOCK" />
18-->[:firebase_messaging] AndroidManifest.xml:10:5-68
18-->[:firebase_messaging] AndroidManifest.xml:10:22-65
19    <uses-permission android:name="android.permission.ACCESS_NETWORK_STATE" /> <!-- Permissions options for the `notification` group -->
19-->[:firebase_messaging] AndroidManifest.xml:11:5-79
19-->[:firebase_messaging] AndroidManifest.xml:11:22-76
20    <uses-permission android:name="android.permission.POST_NOTIFICATIONS" />
20-->[:firebase_messaging] AndroidManifest.xml:13:5-77
20-->[:firebase_messaging] AndroidManifest.xml:13:22-74
21    <uses-permission android:name="android.permission.FOREGROUND_SERVICE" />
21-->[:geolocator_android] AndroidManifest.xml:9:5-77
21-->[:geolocator_android] AndroidManifest.xml:9:22-74
22    <uses-permission android:name="android.permission.RECEIVE_BOOT_COMPLETED" />
22-->[:flutter_local_notifications] AndroidManifest.xml:9:5-81
22-->[:flutter_local_notifications] AndroidManifest.xml:9:22-78
23    <uses-permission android:name="android.permission.VIBRATE" />
23-->[:flutter_local_notifications] AndroidManifest.xml:10:5-66
23-->[:flutter_local_notifications] AndroidManifest.xml:10:22-63
24    <uses-permission android:name="android.permission.USE_FULL_SCREEN_INTENT" />
24-->[:flutter_local_notifications] AndroidManifest.xml:11:5-81
24-->[:flutter_local_notifications] AndroidManifest.xml:11:22-78
25    <uses-permission android:name="android.permission.SCHEDULE_EXACT_ALARM" /> <!-- See https://developer.android.com/training/package-visibility/declaring for more details. -->
25-->[:flutter_local_notifications] AndroidManifest.xml:12:5-79
25-->[:flutter_local_notifications] AndroidManifest.xml:12:22-76
26    <queries>
26-->[com.stripe:financial-connections:20.12.0] AndroidManifest.xml:12:5-20:15
27
28        <!-- Added to check the default browser that will host the AuthFlow. -->
29        <intent>
29-->[com.stripe:financial-connections:20.12.0] AndroidManifest.xml:15:9-19:18
30            <action android:name="android.intent.action.VIEW" />
30-->[com.stripe:financial-connections:20.12.0] AndroidManifest.xml:16:13-65
30-->[com.stripe:financial-connections:20.12.0] AndroidManifest.xml:16:21-62
31
32            <data android:scheme="http" />
32-->[com.stripe:financial-connections:20.12.0] AndroidManifest.xml:18:13-43
32-->[com.stripe:financial-connections:20.12.0] AndroidManifest.xml:18:19-40
33        </intent>
34        <!-- Added to check if Chrome is installed for browser-based payment authentication (e.g. 3DS1). -->
35        <package android:name="com.android.chrome" /> <!-- Needs to be explicitly declared on Android R+ -->
35-->[com.stripe:payments-core:20.12.0] AndroidManifest.xml:13:9-54
35-->[com.stripe:payments-core:20.12.0] AndroidManifest.xml:13:18-51
36        <package android:name="com.google.android.apps.maps" />
36-->[com.google.android.gms:play-services-maps:18.1.0] AndroidManifest.xml:33:9-64
36-->[com.google.android.gms:play-services-maps:18.1.0] AndroidManifest.xml:33:18-61
37    </queries>
38
39    <uses-feature
39-->[com.google.android.gms:play-services-maps:18.1.0] AndroidManifest.xml:26:5-28:35
40        android:glEsVersion="0x00020000"
40-->[com.google.android.gms:play-services-maps:18.1.0] AndroidManifest.xml:27:9-41
41        android:required="true" /> <!-- Required by older versions of Google Play services to create IID tokens -->
41-->[com.google.android.gms:play-services-maps:18.1.0] AndroidManifest.xml:28:9-32
42    <uses-permission android:name="com.google.android.c2dm.permission.RECEIVE" />
42-->[com.google.firebase:firebase-iid:21.1.0] AndroidManifest.xml:26:5-82
42-->[com.google.firebase:firebase-iid:21.1.0] AndroidManifest.xml:26:22-79
43    <uses-permission android:name="com.google.android.gms.permission.AD_ID" />
43-->[com.google.android.gms:play-services-measurement-api:21.3.0] AndroidManifest.xml:25:5-79
43-->[com.google.android.gms:play-services-measurement-api:21.3.0] AndroidManifest.xml:25:22-76
44    <uses-permission android:name="com.google.android.finsky.permission.BIND_GET_INSTALL_REFERRER_SERVICE" />
44-->[com.google.android.gms:play-services-measurement:21.3.0] AndroidManifest.xml:26:5-110
44-->[com.google.android.gms:play-services-measurement:21.3.0] AndroidManifest.xml:26:22-107
45
46    <permission
46-->[androidx.core:core:1.9.0] AndroidManifest.xml:22:5-24:47
47        android:name="com.ctrcar.client_control_car.DYNAMIC_RECEIVER_NOT_EXPORTED_PERMISSION"
47-->[androidx.core:core:1.9.0] AndroidManifest.xml:23:9-81
48        android:protectionLevel="signature" />
48-->[androidx.core:core:1.9.0] AndroidManifest.xml:24:9-44
49
50    <uses-permission android:name="com.ctrcar.client_control_car.DYNAMIC_RECEIVER_NOT_EXPORTED_PERMISSION" /> <!-- <uses-permission android:name="android.permission.ACCESS_NETWORK_STATE" /> -->
50-->[androidx.core:core:1.9.0] AndroidManifest.xml:26:5-97
50-->[androidx.core:core:1.9.0] AndroidManifest.xml:26:22-94
51    <application
52        android:name="android.app.Application"
53        android:appComponentFactory="androidx.core.app.CoreComponentFactory"
53-->[androidx.core:core:1.9.0] AndroidManifest.xml:28:18-86
54        android:debuggable="true"
55        android:icon="@mipmap/launcher_icon"
56        android:label="Control-Car - Acheter Occasion"
57        android:usesCleartextTraffic="true" >
58        <activity
59            android:name="com.ctrcar.client_control_car.MainActivity"
60            android:configChanges="orientation|keyboardHidden|keyboard|screenSize|smallestScreenSize|locale|layoutDirection|fontScale|screenLayout|density|uiMode"
61            android:exported="true"
62            android:hardwareAccelerated="true"
63            android:launchMode="singleTop"
64            android:showWhenLocked="true"
65            android:theme="@style/LaunchTheme"
66            android:turnScreenOn="true"
67            android:windowSoftInputMode="adjustResize" >
68
69            <!--
70                 Specifies an Android theme to apply to this Activity as soon as
71                 the Android process has started. This theme is visible to the user
72                 while the Flutter UI initializes. After that, this theme continues
73                 to determine the Window background behind the Flutter UI.
74            -->
75            <meta-data
76                android:name="io.flutter.embedding.android.NormalTheme"
77                android:resource="@style/NormalTheme" />
78
79            <intent-filter>
80                <action android:name="android.intent.action.MAIN" />
81
82                <category android:name="android.intent.category.LAUNCHER" />
83            </intent-filter>
84        </activity>
85        <!--
86             Don't delete the meta-data below.
87             This is used by the Flutter tool to generate GeneratedPluginRegistrant.java
88        -->
89        <meta-data
90            android:name="flutterEmbedding"
91            android:value="2" />
92        <meta-data
93            android:name="com.google.android.geo.API_KEY"
94            android:value="AIzaSyAZ32rbtd7xmfHPE3CWjW_2DN1BfgtpPEs" />
95
96        <receiver
97            android:name="com.dexterous.flutterlocalnotifications.ScheduledNotificationBootReceiver"
98            android:exported="false" >
99            <intent-filter>
99-->[:flutter_local_notifications] AndroidManifest.xml:25:13-30:29
100                <action android:name="android.intent.action.BOOT_COMPLETED" />
100-->[:flutter_local_notifications] AndroidManifest.xml:26:17-79
100-->[:flutter_local_notifications] AndroidManifest.xml:26:25-76
101                <action android:name="android.intent.action.MY_PACKAGE_REPLACED" />
101-->[:flutter_local_notifications] AndroidManifest.xml:27:17-84
101-->[:flutter_local_notifications] AndroidManifest.xml:27:25-81
102                <action android:name="android.intent.action.QUICKBOOT_POWERON" />
102-->[:flutter_local_notifications] AndroidManifest.xml:28:17-82
102-->[:flutter_local_notifications] AndroidManifest.xml:28:25-79
103                <action android:name="com.htc.intent.action.QUICKBOOT_POWERON" />
103-->[:flutter_local_notifications] AndroidManifest.xml:29:17-82
103-->[:flutter_local_notifications] AndroidManifest.xml:29:25-79
104            </intent-filter>
105        </receiver>
106
107        <service
107-->[:cloud_firestore] AndroidManifest.xml:10:9-14:19
108            android:name="com.google.firebase.components.ComponentDiscoveryService"
108-->[:cloud_firestore] AndroidManifest.xml:10:18-89
109            android:directBootAware="true"
109-->[com.google.firebase:firebase-common:20.3.2] AndroidManifest.xml:34:13-43
110            android:exported="false" >
110-->[com.google.firebase:firebase-analytics-ktx:21.3.0] AndroidManifest.xml:10:13-37
111            <meta-data
111-->[:cloud_firestore] AndroidManifest.xml:11:13-13:85
112                android:name="com.google.firebase.components:io.flutter.plugins.firebase.firestore.FlutterFirebaseFirestoreRegistrar"
112-->[:cloud_firestore] AndroidManifest.xml:12:17-134
113                android:value="com.google.firebase.components.ComponentRegistrar" />
113-->[:cloud_firestore] AndroidManifest.xml:13:17-82
114            <meta-data
114-->[:firebase_storage] AndroidManifest.xml:11:13-13:85
115                android:name="com.google.firebase.components:io.flutter.plugins.firebase.storage.FlutterFirebaseAppRegistrar"
115-->[:firebase_storage] AndroidManifest.xml:12:17-126
116                android:value="com.google.firebase.components.ComponentRegistrar" />
116-->[:firebase_storage] AndroidManifest.xml:13:17-82
117            <meta-data
117-->[:firebase_messaging] AndroidManifest.xml:38:13-40:85
118                android:name="com.google.firebase.components:io.flutter.plugins.firebase.messaging.FlutterFirebaseAppRegistrar"
118-->[:firebase_messaging] AndroidManifest.xml:39:17-128
119                android:value="com.google.firebase.components.ComponentRegistrar" />
119-->[:firebase_messaging] AndroidManifest.xml:40:17-82
120            <meta-data
120-->[:firebase_core] AndroidManifest.xml:11:13-13:85
121                android:name="com.google.firebase.components:io.flutter.plugins.firebase.core.FlutterFirebaseCoreRegistrar"
121-->[:firebase_core] AndroidManifest.xml:12:17-124
122                android:value="com.google.firebase.components.ComponentRegistrar" />
122-->[:firebase_core] AndroidManifest.xml:13:17-82
123            <meta-data
123-->[com.google.firebase:firebase-analytics-ktx:21.3.0] AndroidManifest.xml:11:13-13:85
124                android:name="com.google.firebase.components:com.google.firebase.analytics.ktx.FirebaseAnalyticsKtxRegistrar"
124-->[com.google.firebase:firebase-analytics-ktx:21.3.0] AndroidManifest.xml:12:17-126
125                android:value="com.google.firebase.components.ComponentRegistrar" />
125-->[com.google.firebase:firebase-analytics-ktx:21.3.0] AndroidManifest.xml:13:17-82
126            <meta-data
126-->[com.google.firebase:firebase-firestore:24.6.1] AndroidManifest.xml:19:13-21:85
127                android:name="com.google.firebase.components:com.google.firebase.firestore.FirestoreRegistrar"
127-->[com.google.firebase:firebase-firestore:24.6.1] AndroidManifest.xml:20:17-111
128                android:value="com.google.firebase.components.ComponentRegistrar" />
128-->[com.google.firebase:firebase-firestore:24.6.1] AndroidManifest.xml:21:17-82
129            <meta-data
129-->[com.google.firebase:firebase-storage:20.2.0] AndroidManifest.xml:32:13-34:85
130                android:name="com.google.firebase.components:com.google.firebase.storage.StorageRegistrar"
130-->[com.google.firebase:firebase-storage:20.2.0] AndroidManifest.xml:33:17-107
131                android:value="com.google.firebase.components.ComponentRegistrar" />
131-->[com.google.firebase:firebase-storage:20.2.0] AndroidManifest.xml:34:17-82
132            <meta-data
132-->[com.google.firebase:firebase-iid:21.1.0] AndroidManifest.xml:32:13-34:85
133                android:name="com.google.firebase.components:com.google.firebase.iid.Registrar"
133-->[com.google.firebase:firebase-iid:21.1.0] AndroidManifest.xml:33:17-96
134                android:value="com.google.firebase.components.ComponentRegistrar" />
134-->[com.google.firebase:firebase-iid:21.1.0] AndroidManifest.xml:34:17-82
135            <meta-data
135-->[com.google.firebase:firebase-messaging:23.1.2] AndroidManifest.xml:55:13-57:85
136                android:name="com.google.firebase.components:com.google.firebase.messaging.FirebaseMessagingRegistrar"
136-->[com.google.firebase:firebase-messaging:23.1.2] AndroidManifest.xml:56:17-119
137                android:value="com.google.firebase.components.ComponentRegistrar" />
137-->[com.google.firebase:firebase-messaging:23.1.2] AndroidManifest.xml:57:17-82
138            <meta-data
138-->[com.google.firebase:firebase-common-ktx:20.3.2] AndroidManifest.xml:14:13-16:85
139                android:name="com.google.firebase.components:com.google.firebase.ktx.FirebaseCommonKtxRegistrar"
139-->[com.google.firebase:firebase-common-ktx:20.3.2] AndroidManifest.xml:15:17-113
140                android:value="com.google.firebase.components.ComponentRegistrar" />
140-->[com.google.firebase:firebase-common-ktx:20.3.2] AndroidManifest.xml:16:17-82
141            <meta-data
141-->[com.google.android.gms:play-services-measurement-api:21.3.0] AndroidManifest.xml:31:13-33:85
142                android:name="com.google.firebase.components:com.google.firebase.analytics.connector.internal.AnalyticsConnectorRegistrar"
142-->[com.google.android.gms:play-services-measurement-api:21.3.0] AndroidManifest.xml:32:17-139
143                android:value="com.google.firebase.components.ComponentRegistrar" />
143-->[com.google.android.gms:play-services-measurement-api:21.3.0] AndroidManifest.xml:33:17-82
144            <meta-data
144-->[com.google.firebase:firebase-installations:17.1.3] AndroidManifest.xml:17:13-19:85
145                android:name="com.google.firebase.components:com.google.firebase.installations.FirebaseInstallationsRegistrar"
145-->[com.google.firebase:firebase-installations:17.1.3] AndroidManifest.xml:18:17-127
146                android:value="com.google.firebase.components.ComponentRegistrar" />
146-->[com.google.firebase:firebase-installations:17.1.3] AndroidManifest.xml:19:17-82
147            <meta-data
147-->[com.google.firebase:firebase-datatransport:18.1.7] AndroidManifest.xml:27:13-29:85
148                android:name="com.google.firebase.components:com.google.firebase.datatransport.TransportRegistrar"
148-->[com.google.firebase:firebase-datatransport:18.1.7] AndroidManifest.xml:28:17-115
149                android:value="com.google.firebase.components.ComponentRegistrar" />
149-->[com.google.firebase:firebase-datatransport:18.1.7] AndroidManifest.xml:29:17-82
150        </service>
151        <service
151-->[:firebase_messaging] AndroidManifest.xml:16:9-19:72
152            android:name="io.flutter.plugins.firebase.messaging.FlutterFirebaseMessagingBackgroundService"
152-->[:firebase_messaging] AndroidManifest.xml:17:13-107
153            android:exported="false"
153-->[:firebase_messaging] AndroidManifest.xml:18:13-37
154            android:permission="android.permission.BIND_JOB_SERVICE" />
154-->[:firebase_messaging] AndroidManifest.xml:19:13-69
155        <service
155-->[:firebase_messaging] AndroidManifest.xml:20:9-26:19
156            android:name="io.flutter.plugins.firebase.messaging.FlutterFirebaseMessagingService"
156-->[:firebase_messaging] AndroidManifest.xml:21:13-97
157            android:exported="false" >
157-->[:firebase_messaging] AndroidManifest.xml:22:13-37
158            <intent-filter>
158-->[:firebase_messaging] AndroidManifest.xml:23:13-25:29
159                <action android:name="com.google.firebase.MESSAGING_EVENT" />
159-->[:firebase_messaging] AndroidManifest.xml:24:17-78
159-->[:firebase_messaging] AndroidManifest.xml:24:25-75
160            </intent-filter>
161        </service>
162
163        <receiver
163-->[:firebase_messaging] AndroidManifest.xml:28:9-35:20
164            android:name="io.flutter.plugins.firebase.messaging.FlutterFirebaseMessagingReceiver"
164-->[:firebase_messaging] AndroidManifest.xml:29:13-98
165            android:exported="true"
165-->[:firebase_messaging] AndroidManifest.xml:30:13-36
166            android:permission="com.google.android.c2dm.permission.SEND" >
166-->[:firebase_messaging] AndroidManifest.xml:31:13-73
167            <intent-filter>
167-->[:firebase_messaging] AndroidManifest.xml:32:13-34:29
168                <action android:name="com.google.android.c2dm.intent.RECEIVE" />
168-->[:firebase_messaging] AndroidManifest.xml:33:17-81
168-->[:firebase_messaging] AndroidManifest.xml:33:25-78
169            </intent-filter>
170        </receiver>
171
172        <provider
172-->[:firebase_messaging] AndroidManifest.xml:43:9-47:38
173            android:name="io.flutter.plugins.firebase.messaging.FlutterFirebaseMessagingInitProvider"
173-->[:firebase_messaging] AndroidManifest.xml:44:13-102
174            android:authorities="com.ctrcar.client_control_car.flutterfirebasemessaginginitprovider"
174-->[:firebase_messaging] AndroidManifest.xml:45:13-88
175            android:exported="false"
175-->[:firebase_messaging] AndroidManifest.xml:46:13-37
176            android:initOrder="99" />
176-->[:firebase_messaging] AndroidManifest.xml:47:13-35
177
178        <service
178-->[:geolocator_android] AndroidManifest.xml:12:9-16:56
179            android:name="com.baseflow.geolocator.GeolocatorLocationService"
179-->[:geolocator_android] AndroidManifest.xml:13:13-77
180            android:enabled="true"
180-->[:geolocator_android] AndroidManifest.xml:14:13-35
181            android:exported="false"
181-->[:geolocator_android] AndroidManifest.xml:15:13-37
182            android:foregroundServiceType="location" />
182-->[:geolocator_android] AndroidManifest.xml:16:13-53
183
184        <provider
184-->[:image_picker_android] AndroidManifest.xml:10:9-18:20
185            android:name="io.flutter.plugins.imagepicker.ImagePickerFileProvider"
185-->[:image_picker_android] AndroidManifest.xml:11:13-82
186            android:authorities="com.ctrcar.client_control_car.flutter.image_provider"
186-->[:image_picker_android] AndroidManifest.xml:12:13-74
187            android:exported="false"
187-->[:image_picker_android] AndroidManifest.xml:13:13-37
188            android:grantUriPermissions="true" >
188-->[:image_picker_android] AndroidManifest.xml:14:13-47
189            <meta-data
189-->[:image_picker_android] AndroidManifest.xml:15:13-17:75
190                android:name="android.support.FILE_PROVIDER_PATHS"
190-->[:image_picker_android] AndroidManifest.xml:16:17-67
191                android:resource="@xml/flutter_image_picker_file_paths" />
191-->[:image_picker_android] AndroidManifest.xml:17:17-72
192        </provider>
193
194        <receiver
194-->[:flutter_local_notifications] AndroidManifest.xml:16:9-18:40
195            android:name="com.dexterous.flutterlocalnotifications.ActionBroadcastReceiver"
195-->[:flutter_local_notifications] AndroidManifest.xml:17:13-91
196            android:exported="false" />
196-->[:flutter_local_notifications] AndroidManifest.xml:18:13-37
197        <receiver
197-->[:flutter_local_notifications] AndroidManifest.xml:19:9-21:40
198            android:name="com.dexterous.flutterlocalnotifications.ScheduledNotificationReceiver"
198-->[:flutter_local_notifications] AndroidManifest.xml:20:13-97
199            android:exported="false" />
199-->[:flutter_local_notifications] AndroidManifest.xml:21:13-37
200
201        <activity
201-->[:url_launcher_android] AndroidManifest.xml:10:9-13:74
202            android:name="io.flutter.plugins.urllauncher.WebViewActivity"
202-->[:url_launcher_android] AndroidManifest.xml:11:13-74
203            android:exported="false"
203-->[:url_launcher_android] AndroidManifest.xml:12:13-37
204            android:theme="@android:style/Theme.NoTitleBar.Fullscreen" />
204-->[:url_launcher_android] AndroidManifest.xml:13:13-71
205
206        <provider
206-->[:printing] AndroidManifest.xml:10:9-18:20
207            android:name="net.nfet.flutter.printing.PrintFileProvider"
207-->[:printing] AndroidManifest.xml:11:13-71
208            android:authorities="com.ctrcar.client_control_car.flutter.printing"
208-->[:printing] AndroidManifest.xml:12:13-68
209            android:exported="false"
209-->[:printing] AndroidManifest.xml:13:13-37
210            android:grantUriPermissions="true" >
210-->[:printing] AndroidManifest.xml:14:13-47
211            <meta-data
211-->[:image_picker_android] AndroidManifest.xml:15:13-17:75
212                android:name="android.support.FILE_PROVIDER_PATHS"
212-->[:image_picker_android] AndroidManifest.xml:16:17-67
213                android:resource="@xml/flutter_printing_file_paths" />
213-->[:image_picker_android] AndroidManifest.xml:17:17-72
214        </provider>
215
216        <activity
216-->[com.stripe:paymentsheet:20.12.0] AndroidManifest.xml:10:9-13:69
217            android:name="com.stripe.android.paymentsheet.PaymentSheetActivity"
217-->[com.stripe:paymentsheet:20.12.0] AndroidManifest.xml:11:13-80
218            android:exported="false"
218-->[com.stripe:paymentsheet:20.12.0] AndroidManifest.xml:12:13-37
219            android:theme="@style/StripePaymentSheetDefaultTheme" />
219-->[com.stripe:paymentsheet:20.12.0] AndroidManifest.xml:13:13-66
220        <activity
220-->[com.stripe:paymentsheet:20.12.0] AndroidManifest.xml:14:9-17:69
221            android:name="com.stripe.android.paymentsheet.PaymentOptionsActivity"
221-->[com.stripe:paymentsheet:20.12.0] AndroidManifest.xml:15:13-82
222            android:exported="false"
222-->[com.stripe:paymentsheet:20.12.0] AndroidManifest.xml:16:13-37
223            android:theme="@style/StripePaymentSheetDefaultTheme" />
223-->[com.stripe:paymentsheet:20.12.0] AndroidManifest.xml:17:13-66
224        <activity
224-->[com.stripe:paymentsheet:20.12.0] AndroidManifest.xml:18:9-21:69
225            android:name="com.stripe.android.paymentsheet.addresselement.AddressElementActivity"
225-->[com.stripe:paymentsheet:20.12.0] AndroidManifest.xml:19:13-97
226            android:exported="false"
226-->[com.stripe:paymentsheet:20.12.0] AndroidManifest.xml:20:13-37
227            android:theme="@style/StripePaymentSheetDefaultTheme" />
227-->[com.stripe:paymentsheet:20.12.0] AndroidManifest.xml:21:13-66
228        <activity
228-->[com.stripe:link:20.12.0] AndroidManifest.xml:10:9-14:52
229            android:name="com.stripe.android.link.LinkActivity"
229-->[com.stripe:link:20.12.0] AndroidManifest.xml:11:13-64
230            android:exported="false"
230-->[com.stripe:link:20.12.0] AndroidManifest.xml:12:13-37
231            android:label="@string/link"
231-->[com.stripe:link:20.12.0] AndroidManifest.xml:13:13-41
232            android:theme="@style/LinkBaseTheme" />
232-->[com.stripe:link:20.12.0] AndroidManifest.xml:14:13-49
233        <activity
233-->[com.stripe:financial-connections:20.12.0] AndroidManifest.xml:23:9-42:20
234            android:name="com.stripe.android.financialconnections.FinancialConnectionsSheetRedirectActivity"
234-->[com.stripe:financial-connections:20.12.0] AndroidManifest.xml:24:13-109
235            android:exported="true" >
235-->[com.stripe:financial-connections:20.12.0] AndroidManifest.xml:25:13-36
236            <intent-filter>
236-->[com.stripe:financial-connections:20.12.0] AndroidManifest.xml:26:13-41:29
237                <action android:name="android.intent.action.VIEW" />
237-->[com.stripe:financial-connections:20.12.0] AndroidManifest.xml:16:13-65
237-->[com.stripe:financial-connections:20.12.0] AndroidManifest.xml:16:21-62
238
239                <category android:name="android.intent.category.DEFAULT" />
239-->[com.stripe:financial-connections:20.12.0] AndroidManifest.xml:29:17-76
239-->[com.stripe:financial-connections:20.12.0] AndroidManifest.xml:29:27-73
240                <category android:name="android.intent.category.BROWSABLE" />
240-->[com.stripe:financial-connections:20.12.0] AndroidManifest.xml:30:17-78
240-->[com.stripe:financial-connections:20.12.0] AndroidManifest.xml:30:27-75
241
242                <!-- Accepts success and cancel URIs that begin with "stripe-auth://link-accounts” -->
243                <data
243-->[com.stripe:financial-connections:20.12.0] AndroidManifest.xml:18:13-43
244                    android:host="link-accounts"
245                    android:path="/com.ctrcar.client_control_car/success"
246                    android:scheme="stripe-auth" />
246-->[com.stripe:financial-connections:20.12.0] AndroidManifest.xml:18:19-40
247                <data
247-->[com.stripe:financial-connections:20.12.0] AndroidManifest.xml:18:13-43
248                    android:host="link-accounts"
249                    android:path="/com.ctrcar.client_control_car/cancel"
250                    android:scheme="stripe-auth" />
250-->[com.stripe:financial-connections:20.12.0] AndroidManifest.xml:18:19-40
251            </intent-filter>
252        </activity>
253        <activity
253-->[com.stripe:financial-connections:20.12.0] AndroidManifest.xml:43:9-46:57
254            android:name="com.stripe.android.financialconnections.FinancialConnectionsSheetActivity"
254-->[com.stripe:financial-connections:20.12.0] AndroidManifest.xml:44:13-101
255            android:exported="false"
255-->[com.stripe:financial-connections:20.12.0] AndroidManifest.xml:45:13-37
256            android:theme="@style/StripeDefaultTheme" />
256-->[com.stripe:financial-connections:20.12.0] AndroidManifest.xml:46:13-54
257
258        <provider
258-->[com.stripe:financial-connections:20.12.0] AndroidManifest.xml:48:9-52:43
259            android:name="com.stripe.android.financialconnections.appinitializer.FinancialConnectionsInitializer"
259-->[com.stripe:financial-connections:20.12.0] AndroidManifest.xml:49:13-114
260            android:authorities="com.ctrcar.client_control_car.financialconnections-init"
260-->[com.stripe:financial-connections:20.12.0] AndroidManifest.xml:50:13-77
261            android:exported="false"
261-->[com.stripe:financial-connections:20.12.0] AndroidManifest.xml:51:13-37
262            android:multiprocess="true" />
262-->[com.stripe:financial-connections:20.12.0] AndroidManifest.xml:52:13-40
263
264        <activity
264-->[com.stripe:payments-ui-core:20.12.0] AndroidManifest.xml:10:9-13:69
265            android:name="com.stripe.android.ui.core.cardscan.CardScanActivity"
265-->[com.stripe:payments-ui-core:20.12.0] AndroidManifest.xml:11:13-80
266            android:exported="false"
266-->[com.stripe:payments-ui-core:20.12.0] AndroidManifest.xml:12:13-37
267            android:theme="@style/StripePaymentSheetDefaultTheme" />
267-->[com.stripe:payments-ui-core:20.12.0] AndroidManifest.xml:13:13-66
268        <activity
268-->[com.stripe:payments-core:20.12.0] AndroidManifest.xml:17:9-20:57
269            android:name="com.stripe.android.view.AddPaymentMethodActivity"
269-->[com.stripe:payments-core:20.12.0] AndroidManifest.xml:18:13-76
270            android:exported="false"
270-->[com.stripe:payments-core:20.12.0] AndroidManifest.xml:19:13-37
271            android:theme="@style/StripeDefaultTheme" />
271-->[com.stripe:payments-core:20.12.0] AndroidManifest.xml:20:13-54
272        <activity
272-->[com.stripe:payments-core:20.12.0] AndroidManifest.xml:21:9-24:57
273            android:name="com.stripe.android.view.PaymentMethodsActivity"
273-->[com.stripe:payments-core:20.12.0] AndroidManifest.xml:22:13-74
274            android:exported="false"
274-->[com.stripe:payments-core:20.12.0] AndroidManifest.xml:23:13-37
275            android:theme="@style/StripeDefaultTheme" />
275-->[com.stripe:payments-core:20.12.0] AndroidManifest.xml:24:13-54
276        <activity
276-->[com.stripe:payments-core:20.12.0] AndroidManifest.xml:25:9-28:57
277            android:name="com.stripe.android.view.PaymentFlowActivity"
277-->[com.stripe:payments-core:20.12.0] AndroidManifest.xml:26:13-71
278            android:exported="false"
278-->[com.stripe:payments-core:20.12.0] AndroidManifest.xml:27:13-37
279            android:theme="@style/StripeDefaultTheme" />
279-->[com.stripe:payments-core:20.12.0] AndroidManifest.xml:28:13-54
280        <activity
280-->[com.stripe:payments-core:20.12.0] AndroidManifest.xml:29:9-33:58
281            android:name="com.stripe.android.view.PaymentAuthWebViewActivity"
281-->[com.stripe:payments-core:20.12.0] AndroidManifest.xml:30:13-78
282            android:exported="false"
282-->[com.stripe:payments-core:20.12.0] AndroidManifest.xml:31:13-37
283            android:theme="@style/StripeDefaultTheme"
283-->[com.stripe:payments-core:20.12.0] AndroidManifest.xml:32:13-54